Watching for file changes with StatReloader
Watching for file changes with StatReloader
C:\Users\l4712\.conda\envs\telvirontestenv\Lib\site-packages\celery\utils\threads.py changed, reloading.
Watching for file changes with StatReloader
C:\Users\l4712\.conda\envs\telvirontestenv\Lib\site-packages\amqp\serialization.py changed, reloading.
Watching for file changes with StatReloader
Watching for file changes with StatReloader
Watching for file changes with StatReloader
Watching for file changes with StatReloader
Watching for file changes with StatReloader
C:\Users\l4712\PycharmProjects\Telviron\notifications\services\telegram\DumanMessager.py changed, reloading.
Watching for file changes with StatReloader
C:\Users\l4712\PycharmProjects\Telviron\notifications\services\telegram\DumanMessager.py changed, reloading.
Watching for file changes with StatReloader
Watching for file changes with StatReloader
Watching for file changes with StatReloader
C:\Users\l4712\PycharmProjects\Telviron\notifications\services\telegram\DumanMessager.py changed, reloading.
Watching for file changes with StatReloader
C:\Users\l4712\PycharmProjects\Telviron\notifications\services\telegram\DumanMessager.py changed, reloading.
Watching for file changes with StatReloader
Watching for file changes with StatReloader
C:\Users\l4712\PycharmProjects\Telviron\notifications\services\telegram\DumanMessager.py changed, reloading.
Watching for file changes with StatReloader
C:\Users\l4712\PycharmProjects\Telviron\notifications\services\telegram\DumanMessager.py changed, reloading.
Watching for file changes with StatReloader
Watching for file changes with StatReloader
Watching for file changes with StatReloader
Watching for file changes with StatReloader
C:\Users\l4712\PycharmProjects\Telviron\notifications\services\telegram\DumanMessager.py changed, reloading.
Watching for file changes with StatReloader
C:\Users\l4712\PycharmProjects\Telviron\notifications\models\models.py changed, reloading.
Watching for file changes with StatReloader
Watching for file changes with StatReloader
Watching for file changes with StatReloader
Watching for file changes with StatReloader
C:\Users\l4712\PycharmProjects\Telviron\notifications\scripts\telegram_initial.py changed, reloading.
Watching for file changes with StatReloader
Watching for file changes with StatReloader
Watching for file changes with StatReloader
Watching for file changes with StatReloader
Watching for file changes with StatReloader
Watching for file changes with StatReloader
C:\Users\l4712\PycharmProjects\Telviron\notifications\services\telegram\DumanMessager.py changed, reloading.
Watching for file changes with StatReloader
C:\Users\l4712\PycharmProjects\Telviron\notifications\services\telegram\DumanMessager.py changed, reloading.
"GET /admin/ HTTP/1.1" 302 0
"GET /admin/login/?next=/admin/ HTTP/1.1" 200 2214
"GET /static/admin/css/base.css HTTP/1.1" 304 0
"GET /static/admin/css/nav_sidebar.css HTTP/1.1" 200 2271
"GET /static/admin/css/login.css HTTP/1.1" 200 939
"GET /static/admin/js/nav_sidebar.js HTTP/1.1" 200 1360
"GET /static/admin/css/fonts.css HTTP/1.1" 200 423
"GET /static/admin/css/responsive.css HTTP/1.1" 200 18545
"GET /static/admin/fonts/Roboto-Light-webfont.woff HTTP/1.1" 200 85692
"GET /static/admin/fonts/Roboto-Regular-webfont.woff HTTP/1.1" 200 85876
Not Found: /favicon.ico
"GET /favicon.ico HTTP/1.1" 404 2756
"POST /admin/login/?next=/admin/ HTTP/1.1" 302 0
"GET /admin/ HTTP/1.1" 200 8950
"GET /static/admin/css/dashboard.css HTTP/1.1" 200 380
"GET /static/admin/img/icon-addlink.svg HTTP/1.1" 200 331
"GET /static/admin/img/icon-changelink.svg HTTP/1.1" 200 380
"GET /static/admin/fonts/Roboto-Bold-webfont.woff HTTP/1.1" 200 86184
"GET /admin/django_celery_beat/crontabschedule/ HTTP/1.1" 200 9979
"GET /static/admin/css/changelists.css HTTP/1.1" 200 6874
"GET /static/admin/js/jquery.init.js HTTP/1.1" 200 347
"GET /static/admin/js/core.js HTTP/1.1" 200 5698
"GET /static/admin/js/urlify.js HTTP/1.1" 200 7902
"GET /static/admin/js/admin/RelatedObjectLookups.js HTTP/1.1" 200 5984
"GET /static/admin/js/actions.js HTTP/1.1" 200 7867
"GET /static/admin/js/prepopulate.js HTTP/1.1" 200 1531
"GET /admin/jsi18n/ HTTP/1.1" 200 3195
"GET /static/admin/js/vendor/jquery/jquery.js HTTP/1.1" 200 287630
"GET /static/admin/js/vendor/xregexp/xregexp.js HTTP/1.1" 200 232381
"GET /static/admin/img/tooltag-add.svg HTTP/1.1" 200 331
"GET /admin/django_celery_beat/crontabschedule/add/ HTTP/1.1" 200 39545
"GET /static/admin/css/forms.css HTTP/1.1" 200 8804
"GET /static/admin/js/prepopulate_init.js HTTP/1.1" 200 492
"GET /static/admin/css/widgets.css HTTP/1.1" 200 11097
"GET /static/admin/js/change_form.js HTTP/1.1" 200 606
"GET /admin/jsi18n/ HTTP/1.1" 200 3195
"GET /admin/django_celery_beat/periodictask/ HTTP/1.1" 200 14519
"GET /static/admin/img/search.svg HTTP/1.1" 200 458
"GET /static/admin/img/icon-yes.svg HTTP/1.1" 200 436
"GET /static/admin/img/icon-no.svg HTTP/1.1" 200 560
"GET /admin/jsi18n/ HTTP/1.1" 200 3195
"GET /admin/django_celery_beat/periodictask/add/ HTTP/1.1" 200 25047
"GET /static/admin/js/collapse.js HTTP/1.1" 200 1803
"GET /static/admin/js/calendar.js HTTP/1.1" 200 8466
"GET /static/admin/js/admin/DateTimeShortcuts.js HTTP/1.1" 200 19634
"GET /admin/jsi18n/ HTTP/1.1" 200 3195
"GET /static/admin/img/icon-clock.svg HTTP/1.1" 200 677
"GET /static/admin/img/icon-calendar.svg HTTP/1.1" 200 1086
Watching for file changes with StatReloader
C:\Users\l4712\PycharmProjects\Telviron\notifications\services\telegram\DumanMessager.py changed, reloading.
"GET /admin/django_celery_beat/periodictask/add/ HTTP/1.1" 200 25047
"GET /admin/jsi18n/ HTTP/1.1" 200 3195
Watching for file changes with StatReloader
"GET /admin/django_celery_beat/periodictask/add/ HTTP/1.1" 200 25047
"GET /admin/jsi18n/ HTTP/1.1" 200 3195
"GET /admin/django_celery_beat/periodictask/add/ HTTP/1.1" 200 25047
"GET /admin/jsi18n/ HTTP/1.1" 200 3195
C:\Users\l4712\PycharmProjects\Telviron\DovizPanel\settings.py changed, reloading.
Watching for file changes with StatReloader
C:\Users\l4712\PycharmProjects\Telviron\DovizPanel\settings.py changed, reloading.
"GET /admin/django_celery_beat/periodictask/add/ HTTP/1.1" 200 25047
"GET /admin/jsi18n/ HTTP/1.1" 200 3195
Watching for file changes with StatReloader
"GET /admin/django_celery_beat/periodictask/add/ HTTP/1.1" 200 25047
"GET /admin/jsi18n/ HTTP/1.1" 200 3195
Watching for file changes with StatReloader
"GET /admin/django_celery_beat/periodictask/add/ HTTP/1.1" 200 25047
"GET /admin/jsi18n/ HTTP/1.1" 200 3195
"GET /admin/django_celery_beat/periodictask/add/ HTTP/1.1" 200 25047
"GET /admin/jsi18n/ HTTP/1.1" 200 3195
"GET /admin/django_celery_beat/periodictask/add/ HTTP/1.1" 200 25047
"GET /admin/jsi18n/ HTTP/1.1" 200 3195
"GET /admin/django_celery_beat/periodictask/add/ HTTP/1.1" 200 25047
"GET /admin/jsi18n/ HTTP/1.1" 200 3195
Watching for file changes with StatReloader
"GET /admin/django_celery_beat/periodictask/ HTTP/1.1" 200 14519
"GET /admin/jsi18n/ HTTP/1.1" 200 3195
"GET /admin/django_celery_beat/periodictask/add/ HTTP/1.1" 200 25047
"GET /admin/jsi18n/ HTTP/1.1" 200 3195
"GET /admin/logout/ HTTP/1.1" 302 0
"GET /admin/logout/usrapp/logout HTTP/1.1" 302 0
"GET /admin/login/?next=/admin/logout/usrapp/logout HTTP/1.1" 200 2254
"POST /admin/login/?next=/admin/logout/usrapp/logout HTTP/1.1" 302 0
Not Found: /admin/logout/usrapp/logout
"GET /admin/logout/usrapp/logout HTTP/1.1" 404 6197
"GET /admin/ HTTP/1.1" 200 8950
"GET /admin/django_celery_beat/periodictask/ HTTP/1.1" 200 14519
"GET /admin/jsi18n/ HTTP/1.1" 200 3195
"GET /admin/django_celery_beat/periodictask/add/ HTTP/1.1" 200 25047
"GET /admin/jsi18n/ HTTP/1.1" 200 3195
Watching for file changes with StatReloader
C:\Users\l4712\PycharmProjects\Telviron\notifications\controllers\apps.py changed, reloading.
"GET /admin/django_celery_beat/periodictask/add/ HTTP/1.1" 200 25047
"GET /admin/jsi18n/ HTTP/1.1" 200 3195
Watching for file changes with StatReloader
"GET /admin/django_celery_beat/periodictask/add/ HTTP/1.1" 200 25047
"GET /admin/jsi18n/ HTTP/1.1" 200 3195
C:\Users\l4712\PycharmProjects\Telviron\notifications\services\telegram\DumanMessager.py changed, reloading.
Watching for file changes with StatReloader
C:\Users\l4712\PycharmProjects\Telviron\notifications\services\telegram\DumanMessager.py changed, reloading.
Watching for file changes with StatReloader
Watching for file changes with StatReloader
Watching for file changes with StatReloader
C:\Users\l4712\PycharmProjects\Telviron\notifications\models\models.py changed, reloading.
Watching for file changes with StatReloader
C:\Users\l4712\PycharmProjects\Telviron\notifications\models\models.py changed, reloading.
Watching for file changes with StatReloader
C:\Users\l4712\PycharmProjects\Telviron\notifications\scheduled\__init__.py changed, reloading.
Watching for file changes with StatReloader
Watching for file changes with StatReloader
Watching for file changes with StatReloader
C:\Users\l4712\PycharmProjects\Telviron\notifications\services\telegram\DumanMessager.py changed, reloading.
"GET /admin/ HTTP/1.1" 200 8950
"GET /admin/django_celery_beat/periodictask/ HTTP/1.1" 200 14519
"GET /admin/jsi18n/ HTTP/1.1" 200 3195
"GET /admin/django_celery_beat/periodictask/add/ HTTP/1.1" 200 25047
"GET /admin/jsi18n/ HTTP/1.1" 200 3195
"GET /admin/django_celery_beat/periodictask/add/ HTTP/1.1" 200 25047
"GET /admin/jsi18n/ HTTP/1.1" 200 3195
"GET /admin/django_celery_beat/periodictask/add/ HTTP/1.1" 200 25047
"GET /admin/jsi18n/ HTTP/1.1" 200 3195
"GET /admin/django_celery_beat/periodictask/ HTTP/1.1" 200 14519
"GET /admin/jsi18n/ HTTP/1.1" 200 3195
"GET /admin/django_celery_beat/periodictask/add/ HTTP/1.1" 200 25047
"GET /admin/jsi18n/ HTTP/1.1" 200 3195
"POST /admin/django_celery_beat/periodictask/add/ HTTP/1.1" 200 25370
"GET /admin/jsi18n/ HTTP/1.1" 200 3195
"POST /admin/django_celery_beat/periodictask/add/ HTTP/1.1" 302 0
"GET /admin/django_celery_beat/periodictask/ HTTP/1.1" 200 15664
"GET /admin/jsi18n/ HTTP/1.1" 200 3195
"GET /admin/django_celery_beat/periodictask/2/change/ HTTP/1.1" 200 25552
"GET /admin/jsi18n/ HTTP/1.1" 200 3195
"GET /admin/django_celery_beat/periodictask/2/change/ HTTP/1.1" 200 25552
"GET /admin/jsi18n/ HTTP/1.1" 200 3195
"GET /admin/django_celery_beat/periodictask/ HTTP/1.1" 200 15401
"GET /admin/jsi18n/ HTTP/1.1" 200 3195
"GET /admin/django_celery_beat/periodictask/add/ HTTP/1.1" 200 25047
"GET /admin/jsi18n/ HTTP/1.1" 200 3195
"POST /admin/django_celery_beat/periodictask/add/ HTTP/1.1" 200 25399
"GET /admin/jsi18n/ HTTP/1.1" 200 3195
"GET /admin/django_celery_beat/crontabschedule/1/change/?_to_field=id&_popup=1 HTTP/1.1" 200 33063
"GET /admin/jsi18n/ HTTP/1.1" 200 3195
"GET /admin/django_celery_beat/clockedschedule/ HTTP/1.1" 200 8775
"GET /admin/jsi18n/ HTTP/1.1" 200 3195
"GET /admin/django_celery_beat/clockedschedule/add/ HTTP/1.1" 200 9877
"GET /admin/jsi18n/ HTTP/1.1" 200 3195
"POST /admin/django_celery_beat/clockedschedule/add/ HTTP/1.1" 302 0
"GET /admin/django_celery_beat/clockedschedule/ HTTP/1.1" 200 10480
"GET /admin/jsi18n/ HTTP/1.1" 200 3195
"GET /static/admin/img/sorting-icons.svg HTTP/1.1" 200 1097
"GET /admin/django_celery_beat/crontabschedule/ HTTP/1.1" 200 9979
"GET /admin/jsi18n/ HTTP/1.1" 200 3195
"GET /admin/django_celery_beat/intervalschedule/ HTTP/1.1" 200 8784
"GET /admin/jsi18n/ HTTP/1.1" 200 3195
"GET /admin/django_celery_beat/periodictask/ HTTP/1.1" 200 15401
"GET /admin/jsi18n/ HTTP/1.1" 200 3195
"GET /admin/django_celery_beat/periodictask/1/change/ HTTP/1.1" 200 25608
"GET /admin/jsi18n/ HTTP/1.1" 200 3195
"GET /admin/django_celery_beat/periodictask/ HTTP/1.1" 200 15401
"GET /admin/django_celery_beat/periodictask/2/change/ HTTP/1.1" 200 25608
"GET /admin/jsi18n/ HTTP/1.1" 200 3195
"POST /admin/django_celery_beat/periodictask/2/change/ HTTP/1.1" 200 25768
"GET /admin/jsi18n/ HTTP/1.1" 200 3195
"POST /admin/django_celery_beat/periodictask/2/change/ HTTP/1.1" 302 0
"GET /admin/django_celery_beat/periodictask/ HTTP/1.1" 200 15737
"GET /admin/jsi18n/ HTTP/1.1" 200 3195
"GET /admin/django_celery_beat/periodictask/2/change/ HTTP/1.1" 200 25607
"GET /admin/jsi18n/ HTTP/1.1" 200 3195
"POST /admin/django_celery_beat/periodictask/2/change/ HTTP/1.1" 302 0
"GET /admin/django_celery_beat/periodictask/ HTTP/1.1" 200 15737
"GET /admin/jsi18n/ HTTP/1.1" 200 3195
Watching for file changes with StatReloader
Watching for file changes with StatReloader
C:\Users\l4712\PycharmProjects\Telviron\notifications\services\telegram\DumanMessager.py changed, reloading.
Watching for file changes with StatReloader
C:\Users\l4712\PycharmProjects\Telviron\notifications\scheduled\telegram.py changed, reloading.
Watching for file changes with StatReloader
